<?xml version="1.0" encoding="UTF-8"?>
<!-- Generated by org.testng.reporters.JUnitReportReporter -->
<testsuite hostname="DESKTOP-40TRC32" failures="0" tests="1" name="keyword.testcases.logintest$LoginTest" time="61.025" errors="0" timestamp="2022-12-20T13:26:42 IST" skipped="0">
  <testcase classname="keyword.testcases.logintest$LoginTest" name="loginTest" time="61.025"/>
  <system-out/>
</testsuite> <!-- keyword.testcases.logintest$LoginTest -->
